<?xml version="1.0" encoding="UTF-8"?>
<!-- Generated by org.testng.reporters.JUnitXMLReporter -->
<testsuite ignored="0" hostname="DESKTOP-8Q41GAR" failures="0" tests="4" name="Test" time="0.108" errors="0" timestamp="2022-08-12T23:30:32 IST">
  <testcase classname="first.NewTest" name="a" time="0.019"/>
  <testcase classname="first.NewTest" name="b" time="0.002"/>
  <testcase classname="first.NewTest" name="c" time="0.003"/>
  <testcase classname="first.NewTest" name="f" time="0.003"/>
</testsuite> <!-- Test -->
