<?xml version="1.0" encoding="UTF-8"?>
<testng-results ignored="0" total="4" passed="4" failed="0" skipped="0">
  <reporter-output>
  </reporter-output>
  <suite started-at="2022-08-12T23:30:32 IST" name="Suite" finished-at="2022-08-12T23:30:32 IST" duration-ms="108">
    <groups>
    </groups>
    <test started-at="2022-08-12T23:30:32 IST" name="Test" finished-at="2022-08-12T23:30:32 IST" duration-ms="108">
      <class name="first.NewTest">
        <test-method signature="a()[pri:0, instance:first.NewTest@d4342c2]" started-at="2022-08-12T23:30:32 IST" name="a" finished-at="2022-08-12T23:30:32 IST" duration-ms="19" status="PASS">
          <reporter-output>
          </reporter-output>
        </test-method> <!-- a -->
        <test-method signature="b()[pri:0, instance:first.NewTest@d4342c2]" started-at="2022-08-12T23:30:32 IST" name="b" finished-at="2022-08-12T23:30:32 IST" duration-ms="2" status="PASS">
          <reporter-output>
          </reporter-output>
        </test-method> <!-- b -->
        <test-method signature="c()[pri:0, instance:first.NewTest@d4342c2]" started-at="2022-08-12T23:30:32 IST" name="c" finished-at="2022-08-12T23:30:32 IST" duration-ms="3" status="PASS">
          <reporter-output>
          </reporter-output>
        </test-method> <!-- c -->
        <test-method signature="f()[pri:0, instance:first.NewTest@d4342c2]" started-at="2022-08-12T23:30:32 IST" name="f" finished-at="2022-08-12T23:30:32 IST" duration-ms="3" status="PASS">
          <reporter-output>
          </reporter-output>
        </test-method> <!-- f -->
      </class> <!-- first.NewTest -->
    </test> <!-- Test -->
  </suite> <!-- Suite -->
</testng-results>
